<?xml version="1.0" encoding="UTF-8"?>
<!-- Generated by org.testng.reporters.JUnitReportReporter -->
<testsuite hostname="Sudha" failures="4" tests="10" name="dsalgo_TestRunner.TestNgRunner" time="69.307" errors="1" timestamp="2024-11-07T14:41:08 CST" skipped="0">
  <testcase classname="dsalgo_TestRunner.TestNgRunner" name="runScenario" time="5.499"/>
  <testcase classname="dsalgo_TestRunner.TestNgRunner" name="runScenario" time="6.227">
    <failure message="Error Message is incorrect expected [Please enter a valid username] but found [password_mismatch:The two password fields didn’t match.]" type="java.lang.AssertionError">
      <![CDATA[java.lang.AssertionError: Error Message is incorrect expected [Please enter a valid username] but found [password_mismatch:The two password fields didn’t match.]
at org.testng.Assert.fail(Assert.java:111)
at org.testng.Assert.failNotEquals(Assert.java:1578)
at org.testng.Assert.assertEqualsImpl(Assert.java:150)
at org.testng.Assert.assertEquals(Assert.java:132)
at org.testng.Assert.assertEquals(Assert.java:656)
at dsalgo_StepDefinition.Register_SD.the_user_should_be_able_to_see_the_error_msg(Register_SD.java:104)
at ✽.The user should be able to see the error msg "Please enter a valid username"(file:///C:/work/DemoProject/src/test/resources/Features/RegisterPage.feature:36)
]]>
    </failure>
  </testcase> <!-- runScenario -->
  <testcase classname="dsalgo_TestRunner.TestNgRunner" name="runScenario" time="16.030">
    <error message="no such element: Unable to locate element: {&quot;method&quot;:&quot;xpath&quot;,&quot;selector&quot;:&quot;//div[contains(text(),&#039;New Account Created.&#039;)]&quot;}
  (Session info: chrome=130.0.6723.93)
For documentation on this error, please visit: https://www.selenium.dev/documentation/webdriver/troubleshooting/errors#no-such-element-exception
Build info: version: &#039;4.25.0&#039;, revision: &#039;8a8aea2337&#039;
System info: os.name: &#039;Windows 11&#039;, os.arch: &#039;amd64&#039;, os.version: &#039;10.0&#039;, java.version: &#039;22.0.2&#039;
Driver info: org.openqa.selenium.chrome.ChromeDriver
Command: [4f08c9fcad7915c94eb0448755d6b4e0, findElement {value=//div[contains(text(),&#039;New Account Created.&#039;)], using=xpath}]
Capabilities {acceptInsecureCerts: false, browserName: chrome, browserVersion: 130.0.6723.93, chrome: {chromedriverVersion: 130.0.6723.116 (6ac35f94ae3..., userDataDir: C:\Users\SUDHAB~1\AppData\L...}, fedcm:accounts: true, goog:chromeOptions: {debuggerAddress: localhost:50809}, networkConnectionEnabled: false, pageLoadStrategy: normal, platformName: windows, proxy: Proxy(), se:cdp: ws://localhost:50809/devtoo..., se:cdpVersion: 130.0.6723.93, setWindowRect: true, strictFileInteractability: false, timeouts: {implicit: 0, pageLoad: 300000, script: 30000}, unhandledPromptBehavior: dismiss and notify, webauthn:extension:credBlob: true, webauthn:extension:largeBlob: true, webauthn:extension:minPinLength: true, webauthn:extension:prf: true, webauthn:virtualAuthenticators: true}
Session ID: 4f08c9fcad7915c94eb0448755d6b4e0" type="org.openqa.selenium.NoSuchElementException">
      <![CDATA[org.openqa.selenium.NoSuchElementException: no such element: Unable to locate element: {"method":"xpath","selector":"//div[contains(text(),'New Account Created.')]"}
  (Session info: chrome=130.0.6723.93)
For documentation on this error, please visit: https://www.selenium.dev/documentation/webdriver/troubleshooting/errors#no-such-element-exception
Build info: version: '4.25.0', revision: '8a8aea2337'
System info: os.name: 'Windows 11', os.arch: 'amd64', os.version: '10.0', java.version: '22.0.2'
Driver info: org.openqa.selenium.chrome.ChromeDriver
Command: [4f08c9fcad7915c94eb0448755d6b4e0, findElement {value=//div[contains(text(),'New Account Created.')], using=xpath}]
Capabilities {acceptInsecureCerts: false, browserName: chrome, browserVersion: 130.0.6723.93, chrome: {chromedriverVersion: 130.0.6723.116 (6ac35f94ae3..., userDataDir: C:\Users\SUDHAB~1\AppData\L...}, fedcm:accounts: true, goog:chromeOptions: {debuggerAddress: localhost:50809}, networkConnectionEnabled: false, pageLoadStrategy: normal, platformName: windows, proxy: Proxy(), se:cdp: ws://localhost:50809/devtoo..., se:cdpVersion: 130.0.6723.93, setWindowRect: true, strictFileInteractability: false, timeouts: {implicit: 0, pageLoad: 300000, script: 30000}, unhandledPromptBehavior: dismiss and notify, webauthn:extension:credBlob: true, webauthn:extension:largeBlob: true, webauthn:extension:minPinLength: true, webauthn:extension:prf: true, webauthn:virtualAuthenticators: true}
Session ID: 4f08c9fcad7915c94eb0448755d6b4e0
at java.base/jdk.internal.reflect.DirectConstructorHandleAccessor.newInstance(DirectConstructorHandleAccessor.java:62)
at java.base/java.lang.reflect.Constructor.newInstanceWithCaller(Constructor.java:502)
at java.base/java.lang.reflect.Constructor.newInstance(Constructor.java:486)
at org.openqa.selenium.remote.ErrorCodec.decode(ErrorCodec.java:167)
at org.openqa.selenium.remote.codec.w3c.W3CHttpResponseCodec.decode(W3CHttpResponseCodec.java:138)
at org.openqa.selenium.remote.codec.w3c.W3CHttpResponseCodec.decode(W3CHttpResponseCodec.java:50)
at org.openqa.selenium.remote.HttpCommandExecutor.execute(HttpCommandExecutor.java:190)
at org.openqa.selenium.remote.service.DriverCommandExecutor.invokeExecute(DriverCommandExecutor.java:216)
at org.openqa.selenium.remote.service.DriverCommandExecutor.execute(DriverCommandExecutor.java:174)
at org.openqa.selenium.remote.RemoteWebDriver.execute(RemoteWebDriver.java:545)
at org.openqa.selenium.remote.ElementLocation$ElementFinder$2.findElement(ElementLocation.java:165)
at org.openqa.selenium.remote.ElementLocation.findElement(ElementLocation.java:59)
at org.openqa.selenium.remote.RemoteWebDriver.findElement(RemoteWebDriver.java:368)
at org.openqa.selenium.remote.RemoteWebDriver.findElement(RemoteWebDriver.java:362)
at org.openqa.selenium.support.pagefactory.DefaultElementLocator.findElement(DefaultElementLocator.java:68)
at org.openqa.selenium.support.pagefactory.internal.LocatingElementHandler.invoke(LocatingElementHandler.java:38)
at jdk.proxy2/jdk.proxy2.$Proxy41.getText(Unknown Source)
at dsalgo_PageObjects.HomePage.accountCreationMsg(HomePage.java:47)
at dsalgo_StepDefinition.Register_SD.the_user_should_be_navigated_to_home_page_with_message(Register_SD.java:121)
at ✽.The user should be navigated to Home Page with message "New Account Created. You are logged in as Lillyy_1@9910"(file:///C:/work/DemoProject/src/test/resources/Features/RegisterPage.feature:50)
]]>
    </error>
  </testcase> <!-- runScenario -->
  <testcase classname="dsalgo_TestRunner.TestNgRunner" name="runScenario" time="6.052">
    <failure message="Error Message is incorrect expected [username already exists] but found [password_mismatch:The two password fields didn’t match.]" type="java.lang.AssertionError">
      <![CDATA[java.lang.AssertionError: Error Message is incorrect expected [username already exists] but found [password_mismatch:The two password fields didn’t match.]
at org.testng.Assert.fail(Assert.java:111)
at org.testng.Assert.failNotEquals(Assert.java:1578)
at org.testng.Assert.assertEqualsImpl(Assert.java:150)
at org.testng.Assert.assertEquals(Assert.java:132)
at org.testng.Assert.assertEquals(Assert.java:656)
at dsalgo_StepDefinition.Register_SD.the_user_should_be_able_to_see_the_error_msg(Register_SD.java:104)
at ✽.The user should be able to see the error msg "username already exists"(file:///C:/work/DemoProject/src/test/resources/Features/RegisterPage.feature:36)
]]>
    </failure>
  </testcase> <!-- runScenario -->
  <testcase classname="dsalgo_TestRunner.TestNgRunner" name="runScenario" time="5.726"/>
  <testcase classname="dsalgo_TestRunner.TestNgRunner" name="runScenario" time="6.653"/>
  <testcase classname="dsalgo_TestRunner.TestNgRunner" name="runScenario" time="5.923">
    <failure message="Error Message is incorrect expected [Password cannot be only numeric] but found [password_mismatch:The two password fields didn’t match.]" type="java.lang.AssertionError">
      <![CDATA[java.lang.AssertionError: Error Message is incorrect expected [Password cannot be only numeric] but found [password_mismatch:The two password fields didn’t match.]
at org.testng.Assert.fail(Assert.java:111)
at org.testng.Assert.failNotEquals(Assert.java:1578)
at org.testng.Assert.assertEqualsImpl(Assert.java:150)
at org.testng.Assert.assertEquals(Assert.java:132)
at org.testng.Assert.assertEquals(Assert.java:656)
at dsalgo_StepDefinition.Register_SD.the_user_should_be_able_to_see_the_error_msg(Register_SD.java:104)
at ✽.The user should be able to see the error msg "Password cannot be only numeric"(file:///C:/work/DemoProject/src/test/resources/Features/RegisterPage.feature:36)
]]>
    </failure>
  </testcase> <!-- runScenario -->
  <testcase classname="dsalgo_TestRunner.TestNgRunner" name="runScenario" time="5.514"/>
  <testcase classname="dsalgo_TestRunner.TestNgRunner" name="runScenario" time="5.731"/>
  <testcase classname="dsalgo_TestRunner.TestNgRunner" name="runScenario" time="5.952">
    <failure message="Error Message is incorrect expected [Password should be atleast 8 characters] but found [password_mismatch:The two password fields didn’t match.]" type="java.lang.AssertionError">
      <![CDATA[java.lang.AssertionError: Error Message is incorrect expected [Password should be atleast 8 characters] but found [password_mismatch:The two password fields didn’t match.]
at org.testng.Assert.fail(Assert.java:111)
at org.testng.Assert.failNotEquals(Assert.java:1578)
at org.testng.Assert.assertEqualsImpl(Assert.java:150)
at org.testng.Assert.assertEquals(Assert.java:132)
at org.testng.Assert.assertEquals(Assert.java:656)
at dsalgo_StepDefinition.Register_SD.the_user_should_be_able_to_see_the_error_msg(Register_SD.java:104)
at ✽.The user should be able to see the error msg "Password should be atleast 8 characters"(file:///C:/work/DemoProject/src/test/resources/Features/RegisterPage.feature:36)
]]>
    </failure>
  </testcase> <!-- runScenario -->
</testsuite> <!-- dsalgo_TestRunner.TestNgRunner -->
